{
  "RSpec": {
    "coverage": {
      "/Users/chitta/Desktop/CodingTest/geo-weather/app/controllers/api/v1/base_controller.rb": {
        "lines": [
          null,
          null,
          1,
          1,
          1,
          null,
          1,
          null,
          1,
          7,
          null,
          1,
          null,
          null
        ]
      },
      "/Users/chitta/Desktop/CodingTest/geo-weather/app/controllers/application_controller.rb": {
        "lines": [
          null,
          null,
          1,
          null
        ]
      },
      "/Users/chitta/Desktop/CodingTest/geo-weather/app/controllers/concerns/handle_response.rb": {
        "lines": [
          null,
          null,
          1,
          1,
          3,
          null,
          null,
          1,
          3,
          null,
          null,
          1,
          2,
          null,
          2,
          null,
          0,
          null,
          0,
          null,
          0,
          null,
          0,
          null,
          0,
          null,
          0,
          null,
          0,
          null,
          0,
          null,
          2,
          null,
          null,
          null,
          1,
          null,
          6,
          null,
          null,
          null,
          null,
          null,
          null,
          null,
          null,
          null,
          null,
          null,
          null,
          null,
          null,
          null,
          null,
          null,
          null,
          1,
          null,
          1,
          6,
          6,
          6,
          6,
          null,
          null,
          6,
          null,
          null
        ]
      },
      "/Users/chitta/Desktop/CodingTest/geo-weather/app/controllers/api/v1/weather_forecasts_controller.rb": {
        "lines": [
          null,
          null,
          1,
          1,
          null,
          1,
          5,
          5,
          null,
          null,
          1,
          5,
          5,
          5,
          5,
          5,
          5,
          null,
          5,
          5,
          null,
          null,
          5,
          3,
          3,
          3,
          3,
          3,
          null,
          2,
          null,
          null,
          0,
          null,
          null,
          null
        ]
      },
      "/Users/chitta/Desktop/CodingTest/geo-weather/app/domain/location_management/app_services/check_location.rb": {
        "lines": [
          null,
          null,
          1,
          1,
          1,
          null,
          1,
          7,
          7,
          null,
          null,
          1,
          7,
          7,
          7,
          null,
          7,
          null,
          null,
          1,
          6,
          null,
          null,
          6,
          6,
          6,
          null,
          6,
          6,
          null,
          6,
          6,
          null,
          6,
          6,
          null,
          null,
          6,
          null,
          6,
          null,
          null,
          1,
          null,
          1,
          null,
          7,
          null,
          null,
          null,
          null,
          null,
          null,
          null,
          7,
          null,
          null,
          null,
          null,
          null,
          null,
          null,
          null,
          null,
          null,
          null,
          null,
          null,
          null,
          null,
          null,
          null,
          null,
          null,
          null
        ]
      },
      "/Users/chitta/Desktop/CodingTest/geo-weather/app/domain/location_management/app_services/validators/location_param.rb": {
        "lines": [
          null,
          null,
          1,
          1,
          1,
          null,
          1,
          7,
          6,
          null,
          6,
          null,
          null,
          1,
          null,
          1,
          7,
          7,
          null,
          null,
          1,
          7,
          7,
          7,
          7,
          7,
          7,
          7,
          7,
          7,
          7,
          null,
          null,
          null,
          null
        ]
      },
      "/Users/chitta/Desktop/CodingTest/geo-weather/app/domain/location_management/infrastructures/repos/location_repository.rb": {
        "lines": [
          null,
          null,
          1,
          1,
          1,
          1,
          null,
          1,
          7,
          null,
          null,
          1,
          5,
          null,
          null,
          1,
          7,
          7,
          6,
          null,
          1,
          1,
          null,
          null,
          null
        ]
      },
      "/Users/chitta/Desktop/CodingTest/geo-weather/app/domain/weather_management/app_services/weather_service.rb": {
        "lines": [
          null,
          null,
          1,
          1,
          1,
          1,
          null,
          1,
          7,
          null,
          null,
          1,
          7,
          4,
          null,
          null
        ]
      },
      "/Users/chitta/Desktop/CodingTest/geo-weather/app/domain/weather_management/services/forecast_service.rb": {
        "lines": [
          null,
          null,
          1,
          1,
          1,
          1,
          null,
          1,
          6,
          null,
          null,
          null,
          null,
          null,
          6,
          null,
          4,
          null,
          null,
          1,
          null,
          1,
          6,
          6,
          6,
          null,
          null,
          null,
          1,
          6,
          null,
          null
        ]
      },
      "/Users/chitta/Desktop/CodingTest/geo-weather/app/models/location.rb": {
        "lines": [
          null,
          null,
          null,
          null,
          null,
          null,
          null,
          null,
          null,
          null,
          null,
          null,
          null,
          null,
          null,
          null,
          null,
          null,
          null,
          null,
          null,
          null,
          1,
          1,
          null,
          null,
          null,
          null,
          null,
          null,
          null,
          null
        ]
      },
      "/Users/chitta/Desktop/CodingTest/geo-weather/app/models/application_record.rb": {
        "lines": [
          null,
          null,
          1,
          1,
          null
        ]
      },
      "/Users/chitta/Desktop/CodingTest/geo-weather/app/services/error/unauthorized_error.rb": {
        "lines": [
          null,
          null,
          1,
          1,
          null,
          1,
          0,
          0,
          null,
          null
        ]
      },
      "/Users/chitta/Desktop/CodingTest/geo-weather/app/services/error/forbidden_error.rb": {
        "lines": [
          null,
          null,
          1,
          1,
          null,
          1,
          0,
          0,
          null,
          null
        ]
      },
      "/Users/chitta/Desktop/CodingTest/geo-weather/app/domain/commons/failure_constant.rb": {
        "lines": [
          null,
          null,
          1,
          1,
          1,
          null,
          1,
          1,
          null,
          1,
          1,
          0,
          null,
          null,
          null,
          1,
          1,
          1,
          1,
          null,
          null,
          null,
          1,
          1,
          0,
          null,
          null,
          null,
          1,
          1,
          0,
          null,
          null,
          null,
          1,
          1,
          1,
          1,
          null,
          null,
          null,
          1,
          1,
          0,
          0,
          null,
          null,
          null
        ]
      },
      "/Users/chitta/Desktop/CodingTest/geo-weather/app/services/error/parameter_error.rb": {
        "lines": [
          null,
          null,
          1,
          1,
          null,
          1,
          0,
          null,
          null
        ]
      },
      "/Users/chitta/Desktop/CodingTest/geo-weather/app/mailers/application_mailer.rb": {
        "lines": [
          null,
          null,
          0,
          0,
          0,
          0
        ],
        "branches": {}
      },
      "/Users/chitta/Desktop/CodingTest/geo-weather/app/serializers/api/v1/location_serializer.rb": {
        "lines": [
          null,
          null,
          0,
          0,
          0
        ],
        "branches": {}
      },
      "/Users/chitta/Desktop/CodingTest/geo-weather/app/serializers/api/v1/base_serializer.rb": {
        "lines": [
          null,
          null,
          0,
          0,
          0,
          0,
          null,
          0,
          0,
          0,
          null,
          0,
          null,
          0,
          0,
          0,
          null,
          0,
          0
        ],
        "branches": {}
      },
      "/Users/chitta/Desktop/CodingTest/geo-weather/app/jobs/application_job.rb": {
        "lines": [
          null,
          null,
          0,
          null,
          null,
          null,
          null,
          null,
          0
        ],
        "branches": {}
      },
      "/Users/chitta/Desktop/CodingTest/geo-weather/app/domain/weather_management/infrastructures/repos/weather_repository.rb": {
        "lines": [
          null,
          null,
          0,
          0,
          0,
          0,
          null,
          0,
          0,
          0,
          null,
          0,
          0,
          0,
          0
        ],
        "branches": {}
      },
      "/Users/chitta/Desktop/CodingTest/geo-weather/app/services/error/base_error.rb": {
        "lines": [
          null,
          null,
          0,
          0,
          null,
          0,
          0,
          0,
          0,
          0
        ],
        "branches": {}
      },
      "/Users/chitta/Desktop/CodingTest/geo-weather/app/services/error/conflict_error.rb": {
        "lines": [
          null,
          null,
          0,
          0,
          null,
          0,
          0,
          0,
          0
        ],
        "branches": {}
      },
      "/Users/chitta/Desktop/CodingTest/geo-weather/app/services/error/not_found_error.rb": {
        "lines": [
          null,
          null,
          0,
          0,
          null,
          0,
          0,
          0,
          0
        ],
        "branches": {}
      },
      "/Users/chitta/Desktop/CodingTest/geo-weather/app/services/error/internal_server_error.rb": {
        "lines": [
          null,
          null,
          0,
          0,
          null,
          0,
          0,
          0,
          0
        ],
        "branches": {}
      },
      "/Users/chitta/Desktop/CodingTest/geo-weather/app/services/error/bad_request_error.rb": {
        "lines": [
          null,
          null,
          0,
          0,
          null,
          0,
          0,
          0,
          0
        ],
        "branches": {}
      },
      "/Users/chitta/Desktop/CodingTest/geo-weather/app/services/error/not_modified_error.rb": {
        "lines": [
          null,
          null,
          0,
          0,
          null,
          0,
          0,
          0,
          0
        ],
        "branches": {}
      },
      "/Users/chitta/Desktop/CodingTest/geo-weather/app/channels/application_cable/connection.rb": {
        "lines": [
          null,
          null,
          0,
          0,
          0,
          0
        ],
        "branches": {}
      },
      "/Users/chitta/Desktop/CodingTest/geo-weather/app/channels/application_cable/channel.rb": {
        "lines": [
          null,
          null,
          0,
          0,
          0,
          0
        ],
        "branches": {}
      }
    },
    "timestamp": 1740602997
  }
}
